
--------------------------------------------------
TXLib соболезнует...

Программа: C:\Христофоров Святослав\Мультфильм Свят\bin\Debug\Мультфильм Свят.exe, файл: c:\codeblocks\codeblocks\mingw\include\txlib.h, строка: 13222, функция: HPEN__* {anonymous}::TX::txSetColor(COLORREF, double, HDC),

Сообщение: Окно рисования не создано или не в порядке.
Если вы указали параметр "dc", то он неверен.

#1: TXLib [Ver: 00173a, Rev: 173, Date: 2024-06-23 22:37:05 +0400], Instance: 0x005072FC (32-bit), Flags: Cmdre0, Thread: 0x13E4 (Main). 

--------------------------------------------------
Стек вызовов:



--------------------------------------------------
Стек вызовов TX:

# 0 in HPEN__* {anonymous}::TX::txSetColor(COLORREF, double, HDC) at c:\codeblocks\codeblocks\mingw\include\txlib.h:13222:

  13220: HPEN txSetColor (COLORREF color, double thickness /*= 1*/, HDC dc /*= txDC()*/)
  13221:     {
=>13222: $1  if (_TX_DEFAULT_HDC_FAILED (dc)) return NULL;
  13223: 
  13224: $   HPEN pen = Win32::CreatePen ((color == TX_TRANSPARENT? PS_NULL : PS_SOLID), ROUND (thickness), color);

# 1 in int main() at C:\Христофоров Святослав\Мультфильм Свят\main.cpp:8:

      6:   //  txCreateWindow (800, 600);
      7: 
=>    8:     txSetColor (TX_WHITE);
      9:     txSetFillColor (TX_TRANSPARENT);
     10:     //txRectangle (10, 10, 790, 590);

--------------------------------------------------
Developed with:

The Dumb Artist Library (TX Library)
TXLib [Ver: 00173a, Rev: 173, Date: 2024-06-23 22:37:05 +0400]
Copyright (C) Ded (Ilya Dedinsky, http://txlib.ru) <mail@txlib.ru>
See license on: http://txlib.ru

TXLib file:	c:\codeblocks\codeblocks\mingw\include\txlib.h
Compiled:	Oct 15 2024 08:23:49, GNU g++ 4.8.1, std=201103L, MinGW Runtime 3.20, 32-bit, DEBUG
Started:	Oct 15 2024 08:24:01

Run file:	C:\Христофоров Святослав\Мультфильм Свят\bin\Debug\Мультфильм Свят.exe
Directory:	C:\Христофоров Святослав\Мультфильм Свят

--------------------------------------------------

--------------------------------------------------
TXLib соболезнует...

Программа: C:\Христофоров Святослав\Мультфильм Свят\bin\Debug\Мультфильм Свят.exe, файл: c:\codeblocks\codeblocks\mingw\include\txlib.h, строка: 13222, функция: HPEN__* {anonymous}::TX::txSetColor(COLORREF, double, HDC),

Сообщение: Окно рисования не создано или не в порядке.
Если вы указали параметр "dc", то он неверен.

#1: TXLib [Ver: 00173a, Rev: 173, Date: 2024-06-23 22:37:05 +0400], Instance: 0x005072FC (32-bit), Flags: Cmdre0, Thread: 0x2540 (Main). 

--------------------------------------------------
Стек вызовов:



--------------------------------------------------
Стек вызовов TX:

# 0 in HPEN__* {anonymous}::TX::txSetColor(COLORREF, double, HDC) at c:\codeblocks\codeblocks\mingw\include\txlib.h:13222:

  13220: HPEN txSetColor (COLORREF color, double thickness /*= 1*/, HDC dc /*= txDC()*/)
  13221:     {
=>13222: $1  if (_TX_DEFAULT_HDC_FAILED (dc)) return NULL;
  13223: 
  13224: $   HPEN pen = Win32::CreatePen ((color == TX_TRANSPARENT? PS_NULL : PS_SOLID), ROUND (thickness), color);

# 1 in int main() at C:\Христофоров Святослав\Мультфильм Свят\main.cpp:8:

      6:   //txCreateWindow (800, 600);
      7: 
=>    8:     txSetColor (TX_WHITE);
      9:     txSetFillColor (TX_TRANSPARENT);
     10:     //txRectangle (10, 10, 790, 590);

--------------------------------------------------
Developed with:

The Dumb Artist Library (TX Library)
TXLib [Ver: 00173a, Rev: 173, Date: 2024-06-23 22:37:05 +0400]
Copyright (C) Ded (Ilya Dedinsky, http://txlib.ru) <mail@txlib.ru>
See license on: http://txlib.ru

TXLib file:	c:\codeblocks\codeblocks\mingw\include\txlib.h
Compiled:	Oct 15 2024 08:24:07, GNU g++ 4.8.1, std=201103L, MinGW Runtime 3.20, 32-bit, DEBUG
Started:	Oct 15 2024 08:24:19

Run file:	C:\Христофоров Святослав\Мультфильм Свят\bin\Debug\Мультфильм Свят.exe
Directory:	C:\Христофоров Святослав\Мультфильм Свят

--------------------------------------------------

--------------------------------------------------
TXLib соболезнует...

Программа: C:\Христофоров Святослав\Мультфильм Свят\bin\Debug\Мультфильм Свят.exe, файл: c:\codeblocks\codeblocks\mingw\include\txlib.h, строка: 13222, функция: HPEN__* {anonymous}::TX::txSetColor(COLORREF, double, HDC),

Сообщение: Окно рисования не создано или не в порядке.
Если вы указали параметр "dc", то он неверен.

#1: TXLib [Ver: 00173a, Rev: 173, Date: 2024-06-23 22:37:05 +0400], Instance: 0x005072FC (32-bit), Flags: Cmdre0, Thread: 0x21A4 (Main). 

--------------------------------------------------
Стек вызовов:



--------------------------------------------------
Стек вызовов TX:

# 0 in HPEN__* {anonymous}::TX::txSetColor(COLORREF, double, HDC) at c:\codeblocks\codeblocks\mingw\include\txlib.h:13222:

  13220: HPEN txSetColor (COLORREF color, double thickness /*= 1*/, HDC dc /*= txDC()*/)
  13221:     {
=>13222: $1  if (_TX_DEFAULT_HDC_FAILED (dc)) return NULL;
  13223: 
  13224: $   HPEN pen = Win32::CreatePen ((color == TX_TRANSPARENT? PS_NULL : PS_SOLID), ROUND (thickness), color);

# 1 in int main() at C:\Христофоров Святослав\Мультфильм Свят\main.cpp:8:

      6:     //txCreateWindow (800, 600);
      7: 
=>    8:     txSetColor (TX_WHITE);
      9:     txSetFillColor (TX_TRANSPARENT);
     10:     //txRectangle (10, 10, 790, 590);

--------------------------------------------------
Developed with:

The Dumb Artist Library (TX Library)
TXLib [Ver: 00173a, Rev: 173, Date: 2024-06-23 22:37:05 +0400]
Copyright (C) Ded (Ilya Dedinsky, http://txlib.ru) <mail@txlib.ru>
See license on: http://txlib.ru

TXLib file:	c:\codeblocks\codeblocks\mingw\include\txlib.h
Compiled:	Oct 15 2024 08:24:49, GNU g++ 4.8.1, std=201103L, MinGW Runtime 3.20, 32-bit, DEBUG
Started:	Oct 15 2024 08:25:01

Run file:	C:\Христофоров Святослав\Мультфильм Свят\bin\Debug\Мультфильм Свят.exe
Directory:	C:\Христофоров Святослав\Мультфильм Свят

--------------------------------------------------

--------------------------------------------------
TXLib соболезнует...

Программа: C:\Христофоров Святослав\Мультфильм Свят\bin\Debug\Мультфильм Свят.exe, файл: c:\codeblocks\codeblocks\mingw\include\txlib.h, строка: 13222, функция: HPEN__* {anonymous}::TX::txSetColor(COLORREF, double, HDC),

Сообщение: Окно рисования не создано или не в порядке.
Если вы указали параметр "dc", то он неверен.

#1: TXLib [Ver: 00173a, Rev: 173, Date: 2024-06-23 22:37:05 +0400], Instance: 0x005072FC (32-bit), Flags: Cmdre0, Thread: 0x358 (Main). 

--------------------------------------------------
Стек вызовов:



--------------------------------------------------
Стек вызовов TX:

# 0 in HPEN__* {anonymous}::TX::txSetColor(COLORREF, double, HDC) at c:\codeblocks\codeblocks\mingw\include\txlib.h:13222:

  13220: HPEN txSetColor (COLORREF color, double thickness /*= 1*/, HDC dc /*= txDC()*/)
  13221:     {
=>13222: $1  if (_TX_DEFAULT_HDC_FAILED (dc)) return NULL;
  13223: 
  13224: $   HPEN pen = Win32::CreatePen ((color == TX_TRANSPARENT? PS_NULL : PS_SOLID), ROUND (thickness), color);

# 1 in int main() at C:\Христофоров Святослав\Мультфильм Свят\main.cpp:8:

      6:     //txCreateWindow (800, 600);
      7: 
=>    8:     txSetColor (TX_WHITE);
      9:     txSetFillColor (TX_TRANSPARENT);
     10:     //txRectangle (10, 10, 790, 590);

--------------------------------------------------
Developed with:

The Dumb Artist Library (TX Library)
TXLib [Ver: 00173a, Rev: 173, Date: 2024-06-23 22:37:05 +0400]
Copyright (C) Ded (Ilya Dedinsky, http://txlib.ru) <mail@txlib.ru>
See license on: http://txlib.ru

TXLib file:	c:\codeblocks\codeblocks\mingw\include\txlib.h
Compiled:	Oct 15 2024 08:25:20, GNU g++ 4.8.1, std=201103L, MinGW Runtime 3.20, 32-bit, DEBUG
Started:	Oct 15 2024 08:25:32

Run file:	C:\Христофоров Святослав\Мультфильм Свят\bin\Debug\Мультфильм Свят.exe
Directory:	C:\Христофоров Святослав\Мультфильм Свят

--------------------------------------------------

--------------------------------------------------
TXLib соболезнует...

Программа: C:\Христофоров Святослав\Мультфильм Свят\bin\Debug\Мультфильм Свят.exe, файл: c:\codeblocks\codeblocks\mingw\include\txlib.h, строка: 13222, функция: HPEN__* {anonymous}::TX::txSetColor(COLORREF, double, HDC),

Сообщение: Окно рисования не создано или не в порядке.
Если вы указали параметр "dc", то он неверен.

#1: TXLib [Ver: 00173a, Rev: 173, Date: 2024-06-23 22:37:05 +0400], Instance: 0x005072FC (32-bit), Flags: Cmdre0, Thread: 0x2248 (Main). 

--------------------------------------------------
Стек вызовов:



--------------------------------------------------
Стек вызовов TX:

# 0 in HPEN__* {anonymous}::TX::txSetColor(COLORREF, double, HDC) at c:\codeblocks\codeblocks\mingw\include\txlib.h:13222:

  13220: HPEN txSetColor (COLORREF color, double thickness /*= 1*/, HDC dc /*= txDC()*/)
  13221:     {
=>13222: $1  if (_TX_DEFAULT_HDC_FAILED (dc)) return NULL;
  13223: 
  13224: $   HPEN pen = Win32::CreatePen ((color == TX_TRANSPARENT? PS_NULL : PS_SOLID), ROUND (thickness), color);

# 1 in int main() at C:\Христофоров Святослав\Мультфильм Свят\main.cpp:8:

      6:     //txCreateWindow (800, 600);
      7: 
=>    8:     txSetColor (TX_WHITE);
      9:     txSetFillColor (TX_TRANSPARENT);
     10:     //txRectangle (10, 10, 790, 590);

--------------------------------------------------
Developed with:

The Dumb Artist Library (TX Library)
TXLib [Ver: 00173a, Rev: 173, Date: 2024-06-23 22:37:05 +0400]
Copyright (C) Ded (Ilya Dedinsky, http://txlib.ru) <mail@txlib.ru>
See license on: http://txlib.ru

TXLib file:	c:\codeblocks\codeblocks\mingw\include\txlib.h
Compiled:	Oct 15 2024 08:26:16, GNU g++ 4.8.1, std=201103L, MinGW Runtime 3.20, 32-bit, DEBUG
Started:	Oct 15 2024 08:26:28

Run file:	C:\Христофоров Святослав\Мультфильм Свят\bin\Debug\Мультфильм Свят.exe
Directory:	C:\Христофоров Святослав\Мультфильм Свят

--------------------------------------------------
